2020-03-08 8:43:33 - PHP Notice:  Use of undefined constant DIR_CACHE - assumed 'DIR_CACHE' in D:\SIM SINETH\Project\Web\personal\NutritionWhareHouse\development\upload\system\library\cache\file.php on line 9
2020-03-08 8:43:33 - PHP Notice:  Use of undefined constant DIR_CACHE - assumed 'DIR_CACHE' in D:\SIM SINETH\Project\Web\personal\NutritionWhareHouse\development\upload\system\library\cache\file.php on line 25
2020-03-08 8:43:33 - PHP Notice:  Use of undefined constant DIR_CACHE - assumed 'DIR_CACHE' in D:\SIM SINETH\Project\Web\personal\NutritionWhareHouse\development\upload\system\library\cache\file.php on line 63
2020-03-08 8:43:33 - PHP Notice:  Use of undefined constant DIR_CACHE - assumed 'DIR_CACHE' in D:\SIM SINETH\Project\Web\personal\NutritionWhareHouse\development\upload\system\library\cache\file.php on line 47
2020-03-08 8:43:33 - PHP Notice:  Use of undefined constant DIR_CACHE - assumed 'DIR_CACHE' in D:\SIM SINETH\Project\Web\personal\NutritionWhareHouse\development\upload\system\library\cache\file.php on line 25
2020-03-08 8:43:33 - PHP Notice:  Use of undefined constant DIR_CACHE - assumed 'DIR_CACHE' in D:\SIM SINETH\Project\Web\personal\NutritionWhareHouse\development\upload\system\library\cache\file.php on line 63
2020-03-08 8:43:33 - PHP Notice:  Use of undefined constant DIR_CACHE - assumed 'DIR_CACHE' in D:\SIM SINETH\Project\Web\personal\NutritionWhareHouse\development\upload\system\library\cache\file.php on line 47
2020-03-08 8:43:33 - PHP Notice:  Use of undefined constant DIR_CACHE - assumed 'DIR_CACHE' in D:\SIM SINETH\Project\Web\personal\NutritionWhareHouse\development\upload\system\library\template\twig.php on line 26
2020-03-08 8:43:33 - PHP Notice:  Use of undefined constant DIR_CACHE - assumed 'DIR_CACHE' in D:\SIM SINETH\Project\Web\personal\NutritionWhareHouse\development\upload\system\library\template\twig.php on line 26
2020-03-08 8:43:33 - PHP Notice:  Use of undefined constant DIR_CACHE - assumed 'DIR_CACHE' in D:\SIM SINETH\Project\Web\personal\NutritionWhareHouse\development\upload\system\library\template\twig.php on line 26
2020-03-08 8:43:33 - PHP Notice:  Use of undefined constant DIR_CACHE - assumed 'DIR_CACHE' in D:\SIM SINETH\Project\Web\personal\NutritionWhareHouse\development\upload\system\library\template\twig.php on line 26
2020-03-08 8:43:33 - PHP Notice:  Use of undefined constant DIR_CACHE - assumed 'DIR_CACHE' in D:\SIM SINETH\Project\Web\personal\NutritionWhareHouse\development\upload\system\library\template\twig.php on line 26
2020-03-08 8:43:33 - PHP Notice:  Use of undefined constant DIR_CACHE - assumed 'DIR_CACHE' in D:\SIM SINETH\Project\Web\personal\NutritionWhareHouse\development\upload\system\library\template\twig.php on line 26
2020-03-08 8:43:33 - PHP Notice:  Use of undefined constant DIR_CACHE - assumed 'DIR_CACHE' in D:\SIM SINETH\Project\Web\personal\NutritionWhareHouse\development\upload\system\library\cache\file.php on line 25
2020-03-08 8:43:33 - PHP Notice:  Use of undefined constant DIR_CACHE - assumed 'DIR_CACHE' in D:\SIM SINETH\Project\Web\personal\NutritionWhareHouse\development\upload\system\library\cache\file.php on line 63
2020-03-08 8:43:33 - PHP Notice:  Use of undefined constant DIR_CACHE - assumed 'DIR_CACHE' in D:\SIM SINETH\Project\Web\personal\NutritionWhareHouse\development\upload\system\library\cache\file.php on line 47
2020-03-08 8:43:33 - PHP Notice:  Use of undefined constant DIR_CACHE - assumed 'DIR_CACHE' in D:\SIM SINETH\Project\Web\personal\NutritionWhareHouse\development\upload\system\library\template\twig.php on line 26
2020-03-08 8:43:33 - PHP Notice:  Use of undefined constant DIR_CACHE - assumed 'DIR_CACHE' in D:\SIM SINETH\Project\Web\personal\NutritionWhareHouse\development\upload\system\library\cache\file.php on line 25
2020-03-08 8:43:33 - PHP Notice:  Use of undefined constant DIR_CACHE - assumed 'DIR_CACHE' in D:\SIM SINETH\Project\Web\personal\NutritionWhareHouse\development\upload\system\library\template\twig.php on line 26
2020-03-08 8:43:33 - PHP Notice:  Use of undefined constant DIR_CACHE - assumed 'DIR_CACHE' in D:\SIM SINETH\Project\Web\personal\NutritionWhareHouse\development\upload\system\library\template\twig.php on line 26
2020-03-08 8:43:33 - PHP Notice:  Use of undefined constant DIR_CACHE - assumed 'DIR_CACHE' in D:\SIM SINETH\Project\Web\personal\NutritionWhareHouse\development\upload\system\library\template\twig.php on line 26
2020-03-08 8:43:34 - PHP Notice:  Use of undefined constant DIR_CACHE - assumed 'DIR_CACHE' in D:\SIM SINETH\Project\Web\personal\NutritionWhareHouse\development\upload\system\library\template\twig.php on line 26
2020-03-08 8:43:34 - PHP Notice:  Use of undefined constant DIR_CACHE - assumed 'DIR_CACHE' in D:\SIM SINETH\Project\Web\personal\NutritionWhareHouse\development\upload\system\library\template\twig.php on line 26
2020-03-08 8:43:34 - PHP Notice:  Use of undefined constant DIR_CACHE - assumed 'DIR_CACHE' in D:\SIM SINETH\Project\Web\personal\NutritionWhareHouse\development\upload\system\library\template\twig.php on line 26
2020-03-08 11:11:42 - PHP Warning:  fopen(D:/SIM SINETH/Project/Web/personal/NutritionWhareHouse/development/storage/storage/cache/cache.catalog.language.1583669502): failed to open stream: No such file or directory in D:\SIM SINETH\Project\Web\personal\NutritionWhareHouse\development\upload\system\library\cache\file.php on line 49
2020-03-08 11:11:42 - PHP Warning:  flock() expects parameter 1 to be resource, boolean given in D:\SIM SINETH\Project\Web\personal\NutritionWhareHouse\development\upload\system\library\cache\file.php on line 51
2020-03-08 11:11:42 - PHP Warning:  fwrite() expects parameter 1 to be resource, boolean given in D:\SIM SINETH\Project\Web\personal\NutritionWhareHouse\development\upload\system\library\cache\file.php on line 53
2020-03-08 11:11:42 - PHP Warning:  fflush() expects parameter 1 to be resource, boolean given in D:\SIM SINETH\Project\Web\personal\NutritionWhareHouse\development\upload\system\library\cache\file.php on line 55
2020-03-08 11:11:42 - PHP Warning:  flock() expects parameter 1 to be resource, boolean given in D:\SIM SINETH\Project\Web\personal\NutritionWhareHouse\development\upload\system\library\cache\file.php on line 57
2020-03-08 11:11:42 - PHP Warning:  fclose() expects parameter 1 to be resource, boolean given in D:\SIM SINETH\Project\Web\personal\NutritionWhareHouse\development\upload\system\library\cache\file.php on line 59
2020-03-08 11:11:42 - PHP Warning:  fopen(D:/SIM SINETH/Project/Web/personal/NutritionWhareHouse/development/storage/storage/cache/cache.currency.1583669502): failed to open stream: No such file or directory in D:\SIM SINETH\Project\Web\personal\NutritionWhareHouse\development\upload\system\library\cache\file.php on line 49
2020-03-08 11:11:42 - PHP Warning:  flock() expects parameter 1 to be resource, boolean given in D:\SIM SINETH\Project\Web\personal\NutritionWhareHouse\development\upload\system\library\cache\file.php on line 51
2020-03-08 11:11:42 - PHP Warning:  fwrite() expects parameter 1 to be resource, boolean given in D:\SIM SINETH\Project\Web\personal\NutritionWhareHouse\development\upload\system\library\cache\file.php on line 53
2020-03-08 11:11:42 - PHP Warning:  fflush() expects parameter 1 to be resource, boolean given in D:\SIM SINETH\Project\Web\personal\NutritionWhareHouse\development\upload\system\library\cache\file.php on line 55
2020-03-08 11:11:42 - PHP Warning:  flock() expects parameter 1 to be resource, boolean given in D:\SIM SINETH\Project\Web\personal\NutritionWhareHouse\development\upload\system\library\cache\file.php on line 57
2020-03-08 11:11:42 - PHP Warning:  fclose() expects parameter 1 to be resource, boolean given in D:\SIM SINETH\Project\Web\personal\NutritionWhareHouse\development\upload\system\library\cache\file.php on line 59
2020-03-17 2:26:49 - PHP Warning:  mail(): Failed to connect to mailserver at &quot;localhost&quot; port 25, verify your &quot;SMTP&quot; and &quot;smtp_port&quot; setting in php.ini or use ini_set() in D:\SIM SINETH\Project\Web\personal\NWCambodia\system\library\mail\mail.php on line 77
2020-03-20 15:21:47 - PHP Notice:  Undefined index: email in D:\SIM SINETH\Project\Web\personal\NWCambodia\catalog\controller\account\login.php on line 160
2020-03-20 15:21:47 - PHP Notice:  Undefined index: email in D:\SIM SINETH\Project\Web\personal\NWCambodia\catalog\controller\account\login.php on line 167
2020-03-20 15:21:47 - PHP Notice:  Undefined index: email in D:\SIM SINETH\Project\Web\personal\NWCambodia\catalog\controller\account\login.php on line 174
2020-03-20 15:21:47 - PHP Notice:  Undefined index: email in D:\SIM SINETH\Project\Web\personal\NWCambodia\catalog\controller\account\login.php on line 177
2020-03-20 15:21:51 - PHP Notice:  Undefined index: email in D:\SIM SINETH\Project\Web\personal\NWCambodia\catalog\controller\account\login.php on line 160
2020-03-20 15:21:51 - PHP Notice:  Undefined index: email in D:\SIM SINETH\Project\Web\personal\NWCambodia\catalog\controller\account\login.php on line 167
2020-03-20 15:21:51 - PHP Notice:  Undefined index: email in D:\SIM SINETH\Project\Web\personal\NWCambodia\catalog\controller\account\login.php on line 174
2020-03-20 15:21:51 - PHP Notice:  Undefined index: email in D:\SIM SINETH\Project\Web\personal\NWCambodia\catalog\controller\account\login.php on line 177
2020-03-20 15:22:20 - PHP Notice:  Undefined index: email in D:\SIM SINETH\Project\Web\personal\NWCambodia\catalog\controller\account\login.php on line 160
2020-03-20 15:22:20 - PHP Notice:  Undefined index: email in D:\SIM SINETH\Project\Web\personal\NWCambodia\catalog\controller\account\login.php on line 167
2020-03-20 15:22:20 - PHP Notice:  Undefined index: email in D:\SIM SINETH\Project\Web\personal\NWCambodia\catalog\controller\account\login.php on line 174
2020-03-20 15:22:20 - PHP Notice:  Undefined index: email in D:\SIM SINETH\Project\Web\personal\NWCambodia\catalog\controller\account\login.php on line 177
2020-03-20 15:22:41 - PHP Notice:  Undefined index: email in D:\SIM SINETH\Project\Web\personal\NWCambodia\catalog\controller\account\login.php on line 160
2020-03-20 15:22:41 - PHP Notice:  Undefined index: email in D:\SIM SINETH\Project\Web\personal\NWCambodia\catalog\controller\account\login.php on line 167
2020-03-20 15:22:41 - PHP Notice:  Undefined index: email in D:\SIM SINETH\Project\Web\personal\NWCambodia\catalog\controller\account\login.php on line 174
2020-03-20 15:22:41 - PHP Notice:  Undefined index: email in D:\SIM SINETH\Project\Web\personal\NWCambodia\catalog\controller\account\login.php on line 177
2020-03-20 15:23:11 - PHP Notice:  Undefined index: email in D:\SIM SINETH\Project\Web\personal\NWCambodia\catalog\controller\account\login.php on line 160
2020-03-20 15:23:11 - PHP Notice:  Undefined index: email in D:\SIM SINETH\Project\Web\personal\NWCambodia\catalog\controller\account\login.php on line 167
2020-03-20 15:23:11 - PHP Notice:  Undefined index: email in D:\SIM SINETH\Project\Web\personal\NWCambodia\catalog\controller\account\login.php on line 174
2020-03-20 15:23:11 - PHP Notice:  Undefined index: email in D:\SIM SINETH\Project\Web\personal\NWCambodia\catalog\controller\account\login.php on line 177
2020-03-26 10:12:42 - PHP Notice:  Undefined index: description in D:\SIM SINETH\Project\Web\personal\NWCambodia\catalog\controller\extension\module\slideshow.php on line 21
2020-03-26 10:12:42 - PHP Notice:  Undefined index: description in D:\SIM SINETH\Project\Web\personal\NWCambodia\catalog\controller\extension\module\slideshow.php on line 21
2020-03-26 10:13:28 - PHP Notice:  Undefined index: description in D:\SIM SINETH\Project\Web\personal\NWCambodia\catalog\controller\extension\module\slideshow.php on line 21
2020-03-26 10:13:28 - PHP Notice:  Undefined index: description in D:\SIM SINETH\Project\Web\personal\NWCambodia\catalog\controller\extension\module\slideshow.php on line 21
2020-03-26 10:13:36 - PHP Notice:  Undefined index: description in D:\SIM SINETH\Project\Web\personal\NWCambodia\catalog\controller\extension\module\slideshow.php on line 21
2020-03-26 10:13:36 - PHP Notice:  Undefined index: description in D:\SIM SINETH\Project\Web\personal\NWCambodia\catalog\controller\extension\module\slideshow.php on line 21
2020-03-26 10:18:55 - PHP Notice:  Undefined index: description in D:\SIM SINETH\Project\Web\personal\NWCambodia\catalog\controller\extension\module\slideshow.php on line 21
2020-03-26 10:18:55 - PHP Notice:  Undefined index: description in D:\SIM SINETH\Project\Web\personal\NWCambodia\catalog\controller\extension\module\slideshow.php on line 21
2020-03-26 16:35:20 - PHP Notice:  Undefined index: description in D:\SIM SINETH\Project\Web\personal\NWCambodia\admin\model\design\banner.php on line 89
2020-03-26 16:35:20 - PHP Notice:  Undefined index: description in D:\SIM SINETH\Project\Web\personal\NWCambodia\admin\model\design\banner.php on line 89
2020-03-26 16:35:20 - PHP Notice:  Undefined index: description in D:\SIM SINETH\Project\Web\personal\NWCambodia\admin\model\design\banner.php on line 89
2020-03-26 16:35:20 - PHP Notice:  Undefined index: description in D:\SIM SINETH\Project\Web\personal\NWCambodia\admin\model\design\banner.php on line 89
2020-03-26 16:35:20 - PHP Notice:  Undefined index: description in D:\SIM SINETH\Project\Web\personal\NWCambodia\admin\model\design\banner.php on line 89
2020-03-26 16:35:20 - PHP Notice:  Undefined index: description in D:\SIM SINETH\Project\Web\personal\NWCambodia\admin\model\design\banner.php on line 89
2020-03-26 16:35:20 - PHP Notice:  Undefined index: description in D:\SIM SINETH\Project\Web\personal\NWCambodia\admin\model\design\banner.php on line 89
2020-03-26 16:35:20 - PHP Notice:  Undefined index: description in D:\SIM SINETH\Project\Web\personal\NWCambodia\admin\model\design\banner.php on line 89
2020-03-26 16:35:20 - PHP Notice:  Undefined index: description in D:\SIM SINETH\Project\Web\personal\NWCambodia\admin\model\design\banner.php on line 89
2020-03-26 16:35:20 - PHP Notice:  Undefined index: description in D:\SIM SINETH\Project\Web\personal\NWCambodia\admin\model\design\banner.php on line 89
2020-03-26 16:35:20 - PHP Notice:  Undefined index: description in D:\SIM SINETH\Project\Web\personal\NWCambodia\admin\model\design\banner.php on line 89
2020-03-26 16:35:29 - PHP Notice:  Undefined index: description in D:\SIM SINETH\Project\Web\personal\NWCambodia\admin\model\design\banner.php on line 89
2020-03-26 16:42:15 - PHP Notice:  Undefined index: description in D:\SIM SINETH\Project\Web\personal\NWCambodia\admin\model\design\banner.php on line 27
2020-03-26 16:42:15 - PHP Notice:  Undefined index: description in D:\SIM SINETH\Project\Web\personal\NWCambodia\admin\model\design\banner.php on line 27
2020-03-28 9:08:21 - PHP Warning:  mail(): Failed to connect to mailserver at &quot;localhost&quot; port 25, verify your &quot;SMTP&quot; and &quot;smtp_port&quot; setting in php.ini or use ini_set() in D:\SIM SINETH\Project\Web\personal\NWCambodia\system\library\mail\mail.php on line 77
2020-03-28 9:08:23 - PHP Warning:  mail(): Failed to connect to mailserver at &quot;localhost&quot; port 25, verify your &quot;SMTP&quot; and &quot;smtp_port&quot; setting in php.ini or use ini_set() in D:\SIM SINETH\Project\Web\personal\NWCambodia\system\library\mail\mail.php on line 77
2020-03-28 10:10:03 - PHP Warning:  unlink(D:/SIM SINETH/Project/Web/personal/NWCambodia/storage/storage/cache/cache.catalog.language.1585393802): Permission denied in D:\SIM SINETH\Project\Web\personal\NWCambodia\system\library\cache\file.php on line 68
2020-03-29 13:18:46 - PHP Warning:  unlink(D:/SIM SINETH/Project/Web/personal/NWCambodia/storage/storage/cache/cache.catalog.language.1585491526): Permission denied in D:\SIM SINETH\Project\Web\personal\NWCambodia\system\library\cache\file.php on line 68
2020-03-29 13:39:35 - PHP Warning:  unlink(D:/SIM SINETH/Project/Web/personal/NWCambodia/storage/storage/cache/cache.catalog.language.1585492775): Permission denied in D:\SIM SINETH\Project\Web\personal\NWCambodia\system\library\cache\file.php on line 68
2020-03-29 13:44:32 - PHP Warning:  unlink(D:/SIM SINETH/Project/Web/personal/NWCambodia/storage/storage/cache/cache.catalog.language.1585493072): No such file or directory in D:\SIM SINETH\Project\Web\personal\NWCambodia\system\library\cache\file.php on line 68
2020-03-29 13:50:44 - PHP Notice:  Undefined index: lastname in D:\SIM SINETH\Project\Web\personal\NWCambodia\catalog\controller\checkout\guest.php on line 240
2020-03-29 13:50:44 - PHP Notice:  Undefined index: lastname in D:\SIM SINETH\Project\Web\personal\NWCambodia\catalog\controller\checkout\guest.php on line 251
2020-03-29 13:50:44 - PHP Notice:  Undefined index: lastname in D:\SIM SINETH\Project\Web\personal\NWCambodia\catalog\controller\checkout\guest.php on line 302
2020-03-29 13:50:46 - PHP Notice:  Undefined index: lastname in D:\SIM SINETH\Project\Web\personal\NWCambodia\catalog\controller\checkout\guest.php on line 240
2020-03-29 13:50:46 - PHP Notice:  Undefined index: lastname in D:\SIM SINETH\Project\Web\personal\NWCambodia\catalog\controller\checkout\guest.php on line 251
2020-03-29 13:50:46 - PHP Notice:  Undefined index: lastname in D:\SIM SINETH\Project\Web\personal\NWCambodia\catalog\controller\checkout\guest.php on line 302
2020-03-30 3:06:44 - PHP Warning:  unlink(D:/SIM SINETH/Project/Web/personal/NWCambodia/storage/storage/cache/cache.catalog.language.1585541204): No such file or directory in D:\SIM SINETH\Project\Web\personal\NWCambodia\system\library\cache\file.php on line 68
2020-03-30 8:20:15 - PHP Notice:  Undefined index: sorts in D:\SIM SINETH\Project\Web\personal\NWCambodia\system\library\template\Twig\Environment.php(403) : eval()'d code on line 315
2020-03-30 8:20:15 - PHP Notice:  Undefined index: limits in D:\SIM SINETH\Project\Web\personal\NWCambodia\system\library\template\Twig\Environment.php(403) : eval()'d code on line 357
2020-03-30 8:20:40 - PHP Notice:  Undefined index: sorts in D:\SIM SINETH\Project\Web\personal\NWCambodia\system\library\template\Twig\Environment.php(403) : eval()'d code on line 315
2020-03-30 8:20:40 - PHP Notice:  Undefined index: limits in D:\SIM SINETH\Project\Web\personal\NWCambodia\system\library\template\Twig\Environment.php(403) : eval()'d code on line 357
2020-03-30 8:20:49 - PHP Notice:  Undefined index: sorts in D:\SIM SINETH\Project\Web\personal\NWCambodia\system\library\template\Twig\Environment.php(403) : eval()'d code on line 315
2020-03-30 8:20:49 - PHP Notice:  Undefined index: limits in D:\SIM SINETH\Project\Web\personal\NWCambodia\system\library\template\Twig\Environment.php(403) : eval()'d code on line 357
2020-03-30 8:37:13 - PHP Notice:  Undefined index: sorts in D:\SIM SINETH\Project\Web\personal\NWCambodia\system\library\template\Twig\Environment.php(403) : eval()'d code on line 315
2020-03-30 8:37:13 - PHP Notice:  Undefined index: limits in D:\SIM SINETH\Project\Web\personal\NWCambodia\system\library\template\Twig\Environment.php(403) : eval()'d code on line 357
2020-03-30 8:52:29 - PHP Notice:  Undefined index: sorts in D:\SIM SINETH\Project\Web\personal\NWCambodia\system\library\template\Twig\Environment.php(403) : eval()'d code on line 315
2020-03-30 8:52:29 - PHP Notice:  Undefined index: limits in D:\SIM SINETH\Project\Web\personal\NWCambodia\system\library\template\Twig\Environment.php(403) : eval()'d code on line 357
2020-03-30 8:53:54 - PHP Notice:  Undefined variable: url in D:\SIM SINETH\Project\Web\personal\NWCambodia\catalog\controller\common\home.php on line 61
2020-03-30 8:53:54 - PHP Notice:  Undefined variable: url in D:\SIM SINETH\Project\Web\personal\NWCambodia\catalog\controller\common\home.php on line 61
2020-03-30 8:53:54 - PHP Notice:  Undefined variable: url in D:\SIM SINETH\Project\Web\personal\NWCambodia\catalog\controller\common\home.php on line 61
2020-03-30 8:53:54 - PHP Notice:  Undefined variable: url in D:\SIM SINETH\Project\Web\personal\NWCambodia\catalog\controller\common\home.php on line 61
2020-03-30 8:53:54 - PHP Notice:  Undefined variable: url in D:\SIM SINETH\Project\Web\personal\NWCambodia\catalog\controller\common\home.php on line 61
2020-03-30 8:53:54 - PHP Notice:  Undefined variable: url in D:\SIM SINETH\Project\Web\personal\NWCambodia\catalog\controller\common\home.php on line 61
2020-03-30 8:54:35 - PHP Notice:  Undefined variable: sort in D:\SIM SINETH\Project\Web\personal\NWCambodia\catalog\controller\common\home.php on line 54
2020-03-30 8:54:35 - PHP Notice:  Undefined variable: order in D:\SIM SINETH\Project\Web\personal\NWCambodia\catalog\controller\common\home.php on line 55
2020-03-30 8:54:35 - PHP Notice:  Undefined variable: page in D:\SIM SINETH\Project\Web\personal\NWCambodia\catalog\controller\common\home.php on line 56
2020-03-30 8:54:47 - PHP Notice:  Undefined variable: page in D:\SIM SINETH\Project\Web\personal\NWCambodia\catalog\controller\common\home.php on line 56
2020-03-30 8:56:29 - PHP Notice:  Undefined index: sorts in D:\SIM SINETH\Project\Web\personal\NWCambodia\system\library\template\Twig\Environment.php(403) : eval()'d code on line 315
2020-03-30 8:56:29 - PHP Notice:  Undefined index: limits in D:\SIM SINETH\Project\Web\personal\NWCambodia\system\library\template\Twig\Environment.php(403) : eval()'d code on line 357
2020-03-30 9:44:52 - PHP Notice:  Undefined index: sorts in D:\SIM SINETH\Project\Web\personal\NWCambodia\system\library\template\Twig\Environment.php(403) : eval()'d code on line 315
2020-03-30 9:44:52 - PHP Notice:  Undefined index: limits in D:\SIM SINETH\Project\Web\personal\NWCambodia\system\library\template\Twig\Environment.php(403) : eval()'d code on line 357
2020-04-01 11:44:42 - PHP Notice:  Undefined index: value in D:\SIM SINETH\Project\Web\personal\NWCambodia\admin\model\catalog\product.php on line 189
2020-04-01 11:44:49 - PHP Notice:  Undefined index: option_value_id in D:\SIM SINETH\Project\Web\personal\NWCambodia\admin\controller\catalog\product.php on line 959
2020-04-01 11:46:47 - PHP Notice:  Undefined index: option_value_id in D:\SIM SINETH\Project\Web\personal\NWCambodia\admin\controller\catalog\product.php on line 959
2020-04-01 11:49:59 - PHP Notice:  Undefined index: option_value_id in D:\SIM SINETH\Project\Web\personal\NWCambodia\admin\controller\catalog\product.php on line 959
2020-04-01 11:50:23 - PHP Notice:  Undefined index: value in D:\SIM SINETH\Project\Web\personal\NWCambodia\admin\model\catalog\product.php on line 189
2020-04-02 11:03:00 - PHP Notice:  Undefined index: value in D:\SIM SINETH\Project\Web\personal\NWCambodia\admin\model\catalog\product.php on line 189
2020-04-02 11:03:31 - PHP Notice:  Undefined index: value in D:\SIM SINETH\Project\Web\personal\NWCambodia\admin\model\catalog\product.php on line 189
2020-04-02 11:03:55 - PHP Notice:  Undefined index: value in D:\SIM SINETH\Project\Web\personal\NWCambodia\admin\model\catalog\product.php on line 189
2020-04-04 6:59:28 - PHP Notice:  Undefined index: sorts in D:\SIM SINETH\Project\Web\personal\NWCambodia\system\library\template\Twig\Environment.php(403) : eval()'d code on line 315
2020-04-04 6:59:28 - PHP Notice:  Undefined index: limits in D:\SIM SINETH\Project\Web\personal\NWCambodia\system\library\template\Twig\Environment.php(403) : eval()'d code on line 357
2020-04-04 6:59:33 - PHP Notice:  Undefined index: sorts in D:\SIM SINETH\Project\Web\personal\NWCambodia\system\library\template\Twig\Environment.php(403) : eval()'d code on line 315
2020-04-04 6:59:33 - PHP Notice:  Undefined index: limits in D:\SIM SINETH\Project\Web\personal\NWCambodia\system\library\template\Twig\Environment.php(403) : eval()'d code on line 357
2020-04-04 6:59:36 - PHP Notice:  Undefined index: sorts in D:\SIM SINETH\Project\Web\personal\NWCambodia\system\library\template\Twig\Environment.php(403) : eval()'d code on line 315
2020-04-04 6:59:36 - PHP Notice:  Undefined index: limits in D:\SIM SINETH\Project\Web\personal\NWCambodia\system\library\template\Twig\Environment.php(403) : eval()'d code on line 357
2020-04-05 5:41:39 - PHP Notice:  Undefined index: payment_method in D:\SIM SINETH\Project\Web\personal\NWCambodia\catalog\controller\checkout\payment_method.php on line 178
2020-04-05 5:41:39 - PHP Notice:  Undefined index:  in D:\SIM SINETH\Project\Web\personal\NWCambodia\catalog\controller\checkout\payment_method.php on line 178
2020-04-05 5:41:39 - PHP Notice:  Undefined index: comment in D:\SIM SINETH\Project\Web\personal\NWCambodia\catalog\controller\checkout\payment_method.php on line 180
2020-04-05 5:41:42 - PHP Notice:  Undefined index: payment_method in D:\SIM SINETH\Project\Web\personal\NWCambodia\catalog\controller\checkout\payment_method.php on line 178
2020-04-05 5:41:42 - PHP Notice:  Undefined index:  in D:\SIM SINETH\Project\Web\personal\NWCambodia\catalog\controller\checkout\payment_method.php on line 178
2020-04-05 5:41:42 - PHP Notice:  Undefined index: comment in D:\SIM SINETH\Project\Web\personal\NWCambodia\catalog\controller\checkout\payment_method.php on line 180
2020-04-05 5:54:24 - PHP Notice:  Undefined index: payment_method in D:\SIM SINETH\Project\Web\personal\NWCambodia\catalog\controller\checkout\payment_method.php on line 178
2020-04-05 5:54:24 - PHP Notice:  Undefined index:  in D:\SIM SINETH\Project\Web\personal\NWCambodia\catalog\controller\checkout\payment_method.php on line 178
2020-04-05 5:54:24 - PHP Notice:  Undefined index: comment in D:\SIM SINETH\Project\Web\personal\NWCambodia\catalog\controller\checkout\payment_method.php on line 180
2020-04-05 6:02:24 - PHP Notice:  Undefined index: firstname in D:\SIM SINETH\Project\Web\personal\NWCambodia\catalog\controller\checkout\guest_shipping.php on line 105
2020-04-05 6:02:24 - PHP Notice:  Undefined index: lastname in D:\SIM SINETH\Project\Web\personal\NWCambodia\catalog\controller\checkout\guest_shipping.php on line 109
2020-04-05 6:02:24 - PHP Notice:  Undefined index: address_1 in D:\SIM SINETH\Project\Web\personal\NWCambodia\catalog\controller\checkout\guest_shipping.php on line 113
2020-04-05 6:02:24 - PHP Notice:  Undefined index: city in D:\SIM SINETH\Project\Web\personal\NWCambodia\catalog\controller\checkout\guest_shipping.php on line 117
2020-04-05 6:02:24 - PHP Notice:  Undefined index: country_id in D:\SIM SINETH\Project\Web\personal\NWCambodia\catalog\controller\checkout\guest_shipping.php on line 123
2020-04-05 6:02:24 - PHP Notice:  Undefined index: country_id in D:\SIM SINETH\Project\Web\personal\NWCambodia\catalog\controller\checkout\guest_shipping.php on line 129
2020-04-05 6:04:29 - PHP Notice:  Undefined index: firstname in D:\SIM SINETH\Project\Web\personal\NWCambodia\catalog\controller\checkout\guest_shipping.php on line 105
2020-04-05 6:04:29 - PHP Notice:  Undefined index: lastname in D:\SIM SINETH\Project\Web\personal\NWCambodia\catalog\controller\checkout\guest_shipping.php on line 109
2020-04-05 6:04:29 - PHP Notice:  Undefined index: address_1 in D:\SIM SINETH\Project\Web\personal\NWCambodia\catalog\controller\checkout\guest_shipping.php on line 113
2020-04-05 6:04:29 - PHP Notice:  Undefined index: city in D:\SIM SINETH\Project\Web\personal\NWCambodia\catalog\controller\checkout\guest_shipping.php on line 117
2020-04-05 6:04:29 - PHP Notice:  Undefined index: country_id in D:\SIM SINETH\Project\Web\personal\NWCambodia\catalog\controller\checkout\guest_shipping.php on line 123
2020-04-05 6:04:29 - PHP Notice:  Undefined index: country_id in D:\SIM SINETH\Project\Web\personal\NWCambodia\catalog\controller\checkout\guest_shipping.php on line 129
2020-04-05 7:50:44 - PHP Warning:  unlink(D:/SIM SINETH/Project/Web/personal/NWCambodia/storage/storage/cache/cache.catalog.language.1586076643): Permission denied in D:\SIM SINETH\Project\Web\personal\NWCambodia\system\library\cache\file.php on line 68
2020-04-05 8:07:28 - PHP Notice:  Undefined index: payment_method in D:\SIM SINETH\Project\Web\personal\NWCambodia\catalog\controller\checkout\payment_method.php on line 178
2020-04-05 8:07:28 - PHP Notice:  Undefined index:  in D:\SIM SINETH\Project\Web\personal\NWCambodia\catalog\controller\checkout\payment_method.php on line 178
2020-04-05 8:07:28 - PHP Notice:  Undefined index: comment in D:\SIM SINETH\Project\Web\personal\NWCambodia\catalog\controller\checkout\payment_method.php on line 180
2020-04-05 8:07:31 - PHP Notice:  Undefined index: payment_method in D:\SIM SINETH\Project\Web\personal\NWCambodia\catalog\controller\checkout\payment_method.php on line 178
2020-04-05 8:07:31 - PHP Notice:  Undefined index:  in D:\SIM SINETH\Project\Web\personal\NWCambodia\catalog\controller\checkout\payment_method.php on line 178
2020-04-05 8:07:31 - PHP Notice:  Undefined index: comment in D:\SIM SINETH\Project\Web\personal\NWCambodia\catalog\controller\checkout\payment_method.php on line 180
2020-04-05 8:07:37 - PHP Notice:  Undefined index: payment_method in D:\SIM SINETH\Project\Web\personal\NWCambodia\catalog\controller\checkout\payment_method.php on line 178
2020-04-05 8:07:37 - PHP Notice:  Undefined index:  in D:\SIM SINETH\Project\Web\personal\NWCambodia\catalog\controller\checkout\payment_method.php on line 178
2020-04-05 8:07:37 - PHP Notice:  Undefined index: comment in D:\SIM SINETH\Project\Web\personal\NWCambodia\catalog\controller\checkout\payment_method.php on line 180
2020-04-05 8:30:21 - PHP Notice:  Undefined index: payment_method in D:\SIM SINETH\Project\Web\personal\NWCambodia\catalog\controller\checkout\payment_method.php on line 178
2020-04-05 8:30:21 - PHP Notice:  Undefined index:  in D:\SIM SINETH\Project\Web\personal\NWCambodia\catalog\controller\checkout\payment_method.php on line 178
2020-04-05 8:41:13 - PHP Warning:  Illegal string offset 'code' in D:\SIM SINETH\Project\Web\personal\NWCambodia\catalog\controller\checkout\confirm.php on line 410
2020-04-05 8:42:08 - PHP Notice:  Undefined index: cod in D:\SIM SINETH\Project\Web\personal\NWCambodia\catalog\controller\checkout\payment_method.php on line 184
2020-04-05 8:42:10 - PHP Notice:  Undefined index: cod in D:\SIM SINETH\Project\Web\personal\NWCambodia\catalog\controller\checkout\payment_method.php on line 184
2020-04-05 8:42:52 - PHP Notice:  Undefined index: cod in D:\SIM SINETH\Project\Web\personal\NWCambodia\catalog\controller\checkout\payment_method.php on line 184
2020-04-05 8:43:29 - PHP Warning:  Illegal string offset 'code' in D:\SIM SINETH\Project\Web\personal\NWCambodia\catalog\controller\checkout\confirm.php on line 410
2020-04-05 8:44:03 - PHP Warning:  Illegal string offset 'code' in D:\SIM SINETH\Project\Web\personal\NWCambodia\catalog\controller\checkout\confirm.php on line 410
2020-04-05 8:44:41 - PHP Notice:  Undefined index: payment_method in D:\SIM SINETH\Project\Web\personal\NWCambodia\catalog\controller\checkout\payment_method.php on line 182
2020-04-05 8:44:41 - PHP Notice:  Undefined index:  in D:\SIM SINETH\Project\Web\personal\NWCambodia\catalog\controller\checkout\payment_method.php on line 182
2020-04-05 8:45:31 - PHP Notice:  Undefined variable: paymentMethod in D:\SIM SINETH\Project\Web\personal\NWCambodia\catalog\controller\checkout\payment_method.php on line 185
2020-04-05 8:48:06 - PHP Notice:  Undefined index: comment in D:\SIM SINETH\Project\Web\personal\NWCambodia\catalog\controller\checkout\payment_method.php on line 192
2020-04-05 8:48:10 - PHP Notice:  Undefined index: comment in D:\SIM SINETH\Project\Web\personal\NWCambodia\catalog\controller\checkout\payment_method.php on line 192
2020-04-05 9:01:20 - PHP Warning:  unlink(D:/SIM SINETH/Project/Web/personal/NWCambodia/storage/storage/cache/cache.catalog.language.1586080880): Permission denied in D:\SIM SINETH\Project\Web\personal\NWCambodia\system\library\cache\file.php on line 68
2020-04-05 9:46:43 - PHP Notice:  Undefined variable: paymentMethod in D:\SIM SINETH\Project\Web\personal\NWCambodia\catalog\controller\checkout\payment_method.php on line 187
2020-04-05 9:52:59 - PHP Notice:  Undefined index: expired_date in D:\SIM SINETH\Project\Web\personal\NWCambodia\admin\controller\catalog\product.php on line 963
2020-04-05 9:52:59 - PHP Notice:  Undefined index: expired_date in D:\SIM SINETH\Project\Web\personal\NWCambodia\admin\controller\catalog\product.php on line 963
2020-04-05 9:55:35 - PHP Notice:  Undefined index: expired_date in D:\SIM SINETH\Project\Web\personal\NWCambodia\catalog\controller\product\product.php on line 324
2020-04-05 9:55:35 - PHP Notice:  Undefined index: expired_date in D:\SIM SINETH\Project\Web\personal\NWCambodia\catalog\controller\product\product.php on line 324
2020-04-05 9:58:00 - PHP Notice:  Undefined index: expired_date in D:\SIM SINETH\Project\Web\personal\NWCambodia\catalog\controller\product\product.php on line 324
2020-04-05 9:58:00 - PHP Notice:  Undefined index: expired_date in D:\SIM SINETH\Project\Web\personal\NWCambodia\catalog\controller\product\product.php on line 324
2020-04-05 12:48:58 - PHP Warning:  unlink(D:/SIM SINETH/Project/Web/personal/NWCambodia/storage/storage/cache/cache.catalog.language.1586094538): Permission denied in D:\SIM SINETH\Project\Web\personal\NWCambodia\system\library\cache\file.php on line 68
2020-04-05 12:49:04 - PHP Warning:  unlink(D:/SIM SINETH/Project/Web/personal/NWCambodia/storage/storage/cache/cache.catalog.language.1586094544): Permission denied in D:\SIM SINETH\Project\Web\personal\NWCambodia\system\library\cache\file.php on line 68
